<?xml version="1.0" encoding="UTF-8"?>
<testng-results skipped="0" failed="0" ignored="0" total="1" passed="1">
  <reporter-output>
  </reporter-output>
  <suite name="Default suite" duration-ms="25456" started-at="2020-05-12T17:50:40 IST" finished-at="2020-05-12T17:51:06 IST">
    <groups>
    </groups>
    <test name="Default test" duration-ms="25456" started-at="2020-05-12T17:50:40 IST" finished-at="2020-05-12T17:51:06 IST">
      <class name="rahulshettyacademy.ExtentReports.ExtentReportDemo">
        <test-method status="PASS" signature="Demo1()[pri:0, instance:rahulshettyacademy.ExtentReports.ExtentReportDemo@1c3a4799]" name="Demo1" is-config="true" duration-ms="705" started-at="2020-05-12T17:50:40 IST" finished-at="2020-05-12T17:50:41 IST">
          <reporter-output>
          </reporter-output>
        </test-method> <!-- Demo1 -->
        <test-method status="PASS" signature="initialDemo()[pri:0, instance:rahulshettyacademy.ExtentReports.ExtentReportDemo@1c3a4799]" name="initialDemo" duration-ms="24706" started-at="2020-05-12T17:50:41 IST" finished-at="2020-05-12T17:51:06 IST">
          <reporter-output>
          </reporter-output>
        </test-method> <!-- initialDemo -->
      </class> <!-- rahulshettyacademy.ExtentReports.ExtentReportDemo -->
    </test> <!-- Default test -->
  </suite> <!-- Default suite -->
</testng-results>
